#
# There is insufficient memory for the Java Runtime Environment to continue.
# Native memory allocation (malloc) failed to allocate 32744 bytes for Chunk::new
# Possible reasons:
#   The system is out of physical RAM or swap space
#   The process is running with CompressedOops enabled, and the Java Heap may be blocking the growth of the native heap
# Possible solutions:
#   Reduce memory load on the system
#   Increase physical memory or swap space
#   Check if swap backing store is full
#   Decrease Java heap size (-Xmx/-Xms)
#   Decrease number of Java threads
#   Decrease Java thread stack sizes (-Xss)
#   Set larger code cache with -XX:ReservedCodeCacheSize=
#   JVM is running with Unscaled Compressed Oops mode in which the Java heap is
#     placed in the first 4GB address space. The Java Heap base address is the
#     maximum limit for the native heap growth. Please use -XX:HeapBaseMinAddress
#     to set the Java Heap base and to place the Java Heap above 4GB virtual address.
# This output file may be truncated or incomplete.
#
#  Out of Memory Error (arena.cpp:184), pid=7976, tid=12020
#
# JRE version: Java(TM) SE Runtime Environment (19.0.2+7) (build 19.0.2+7-44)
# Java VM: Java HotSpot(TM) 64-Bit Server VM (19.0.2+7-44, mixed mode, sharing, tiered, compressed oops, compressed class ptrs, g1 gc, windows-amd64)
# No core dump will be written. Minidumps are not enabled by default on client versions of Windows
#

---------------  S U M M A R Y ------------

Command Line: -Dfile.encoding=UTF-8 --module-path=D:\Hotel.Management.System\build\classes hotel.management.system.HotelManagementSystem

Host: AMD Ryzen 5 4600H with Radeon Graphics         , 12 cores, 7G,  Windows 11 , 64 bit Build 22621 (10.0.22621.2361)
Time: Mon Oct  9 23:52:25 2023 India Standard Time elapsed time: 818.601396 seconds (0d 0h 13m 38s)

---------------  T H R E A D  ---------------

Current thread (0x0000017e25ec3b50):  JavaThread "C2 CompilerThread0" daemon [_thread_in_native, id=12020, stack(0x0000007d52400000,0x0000007d52500000)]


Current CompileTask:
C2: 818601 1981   !   4       javax.swing.JComponent::paintChildren (684 bytes)

Stack: [0x0000007d52400000,0x0000007d52500000]
Native frames: (J=compiled Java code, j=interpreted, Vv=VM code, C=native code)
V  [jvm.dll+0x6ee21a]
V  [jvm.dll+0x85765e]
V  [jvm.dll+0x85904e]
V  [jvm.dll+0x859703]
V  [jvm.dll+0x28298f]
V  [jvm.dll+0xc9adf]
V  [jvm.dll+0xc9e65]
V  [jvm.dll+0x152384]
V  [jvm.dll+0x15256d]
V  [jvm.dll+0x152c67]
V  [jvm.dll+0x2f50e2]
V  [jvm.dll+0x2f6e61]
V  [jvm.dll+0x708b52]
V  [jvm.dll+0x700c76]
V  [jvm.dll+0x7002c1]
V  [jvm.dll+0x6fe1a3]
V  [jvm.dll+0x1d9e6c]
V  [jvm.dll+0x1da9fb]
V  [jvm.dll+0x2f6edd]
V  [jvm.dll+0x708b52]
V  [jvm.dll+0x700c76]
V  [jvm.dll+0x7002c1]
V  [jvm.dll+0x6fe1a3]
V  [jvm.dll+0x1d9e6c]
V  [jvm.dll+0x1da9fb]
V  [jvm.dll+0x2f6edd]
V  [jvm.dll+0x708b52]
V  [jvm.dll+0x700c76]
V  [jvm.dll+0x7002c1]
V  [jvm.dll+0x6fe1a3]
V  [jvm.dll+0x1d9e6c]
V  [jvm.dll+0x1da9fb]
V  [jvm.dll+0x2f6edd]
V  [jvm.dll+0x708b52]
V  [jvm.dll+0x700c76]
V  [jvm.dll+0x7002c1]
V  [jvm.dll+0x6fe1a3]
V  [jvm.dll+0x1d9e6c]
V  [jvm.dll+0x24b333]
V  [jvm.dll+0x1d6ce1]
V  [jvm.dll+0x25b25a]
V  [jvm.dll+0x2596e8]
V  [jvm.dll+0x807588]
V  [jvm.dll+0x80125a]
V  [jvm.dll+0x6ecf0b]
C  [ucrtbase.dll+0x29363]
C  [KERNEL32.DLL+0x1257d]
C  [ntdll.dll+0x5aa78]


---------------  P R O C E S S  ---------------

Threads class SMR info:
_java_thread_list=0x0000017e2a028ed0, length=17, elements={
0x0000017e076d7e20, 0x0000017e25e94f00, 0x0000017e25e97b00, 0x0000017e25e98e90,
0x0000017e25e9cf80, 0x0000017e25e9e4d0, 0x0000017e25ea1f20, 0x0000017e25ec3b50,
0x0000017e25ecb110, 0x0000017e25ed15b0, 0x0000017e2a0db980, 0x0000017e2a1a6e40,
0x0000017e2a342f20, 0x0000017e2a362610, 0x0000017e2a365a20, 0x0000017e2ac88460,
0x0000017e2ad214a0
}

Java Threads: ( => current thread )
  0x0000017e076d7e20 JavaThread "main" [_thread_blocked, id=17272, stack(0x0000007d51700000,0x0000007d51800000)]
  0x0000017e25e94f00 JavaThread "Reference Handler" daemon [_thread_blocked, id=29044, stack(0x0000007d51e00000,0x0000007d51f00000)]
  0x0000017e25e97b00 JavaThread "Finalizer" daemon [_thread_blocked, id=20404, stack(0x0000007d51f00000,0x0000007d52000000)]
  0x0000017e25e98e90 JavaThread "Signal Dispatcher" daemon [_thread_blocked, id=18852, stack(0x0000007d52000000,0x0000007d52100000)]
  0x0000017e25e9cf80 JavaThread "Attach Listener" daemon [_thread_blocked, id=3116, stack(0x0000007d52100000,0x0000007d52200000)]
  0x0000017e25e9e4d0 JavaThread "Service Thread" daemon [_thread_blocked, id=14756, stack(0x0000007d52200000,0x0000007d52300000)]
  0x0000017e25ea1f20 JavaThread "Monitor Deflation Thread" daemon [_thread_blocked, id=25768, stack(0x0000007d52300000,0x0000007d52400000)]
=>0x0000017e25ec3b50 JavaThread "C2 CompilerThread0" daemon [_thread_in_native, id=12020, stack(0x0000007d52400000,0x0000007d52500000)]
  0x0000017e25ecb110 JavaThread "C1 CompilerThread0" daemon [_thread_blocked, id=16088, stack(0x0000007d52500000,0x0000007d52600000)]
  0x0000017e25ed15b0 JavaThread "Sweeper thread" daemon [_thread_blocked, id=5680, stack(0x0000007d52600000,0x0000007d52700000)]
  0x0000017e2a0db980 JavaThread "Common-Cleaner" daemon [_thread_blocked, id=19396, stack(0x0000007d52700000,0x0000007d52800000)]
  0x0000017e2a1a6e40 JavaThread "Notification Thread" daemon [_thread_blocked, id=1884, stack(0x0000007d52800000,0x0000007d52900000)]
  0x0000017e2a342f20 JavaThread "Java2D Disposer" daemon [_thread_blocked, id=23548, stack(0x0000007d52b00000,0x0000007d52c00000)]
  0x0000017e2a362610 JavaThread "AWT-Shutdown" [_thread_blocked, id=8804, stack(0x0000007d52c00000,0x0000007d52d00000)]
  0x0000017e2a365a20 JavaThread "AWT-Windows" daemon [_thread_in_native, id=8684, stack(0x0000007d52d00000,0x0000007d52e00000)]
  0x0000017e2ac88460 JavaThread "AWT-EventQueue-0" [_thread_blocked, id=6244, stack(0x0000007d53900000,0x0000007d53a00000)]
  0x0000017e2ad214a0 JavaThread "D3D Screen Updater" daemon [_thread_blocked, id=23444, stack(0x0000007d53a00000,0x0000007d53b00000)]

Other Threads:
  0x0000017e25e7b040 VMThread "VM Thread" [stack: 0x0000007d51d00000,0x0000007d51e00000] [id=8472]
  0x0000017e2a1a95d0 WatcherThread "VM Periodic Task Thread" [stack: 0x0000007d52900000,0x0000007d52a00000] [id=8268]
  0x0000017e077344f0 WorkerThread "GC Thread#0" [stack: 0x0000007d51800000,0x0000007d51900000] [id=29120]
  0x0000017e2acc9100 WorkerThread "GC Thread#1" [stack: 0x0000007d51600000,0x0000007d51700000] [id=9160]
  0x0000017e2acc93d0 WorkerThread "GC Thread#2" [stack: 0x0000007d52a00000,0x0000007d52b00000] [id=15172]
  0x0000017e2acc7d50 WorkerThread "GC Thread#3" [stack: 0x0000007d52e00000,0x0000007d52f00000] [id=9228]
  0x0000017e2acc8020 WorkerThread "GC Thread#4" [stack: 0x0000007d52f00000,0x0000007d53000000] [id=15084]
  0x0000017e2acc8b60 WorkerThread "GC Thread#5" [stack: 0x0000007d53c00000,0x0000007d53d00000] [id=22612]
  0x0000017e2acc96a0 WorkerThread "GC Thread#6" [stack: 0x0000007d53d00000,0x0000007d53e00000] [id=9472]
  0x0000017e2acc9970 WorkerThread "GC Thread#7" [stack: 0x0000007d53e00000,0x0000007d53f00000] [id=14620]
  0x0000017e2acc8890 WorkerThread "GC Thread#8" [stack: 0x0000007d53f00000,0x0000007d54000000] [id=25620]
  0x0000017e2a16dea0 WorkerThread "GC Thread#9" [stack: 0x0000007d54000000,0x0000007d54100000] [id=19056]
  0x0000017e077451e0 ConcurrentGCThread "G1 Main Marker" [stack: 0x0000007d51900000,0x0000007d51a00000] [id=6556]
  0x0000017e07745db0 WorkerThread "G1 Conc#0" [stack: 0x0000007d51a00000,0x0000007d51b00000] [id=13092]
  0x0000017e0779e930 ConcurrentGCThread "G1 Refine#0" [stack: 0x0000007d51b00000,0x0000007d51c00000] [id=12308]
  0x0000017e25d31690 ConcurrentGCThread "G1 Service" [stack: 0x0000007d51c00000,0x0000007d51d00000] [id=22940]

Threads with active compile tasks:
C2 CompilerThread0   818653 1981   !   4       javax.swing.JComponent::paintChildren (684 bytes)

VM state: not at safepoint (normal execution)

VM Mutex/Monitor currently owned by a thread: None

Heap address: 0x0000000089400000, size: 1900 MB, Compressed Oops mode: 32-bit

CDS archive(s) mapped at: [0x0000000800000000-0x0000000800c40000-0x0000000800c40000), size 12845056, SharedBaseAddress: 0x0000000800000000, ArchiveRelocationMode: 0.
Compressed class space mapped at: 0x0000000801000000-0x0000000841000000, reserved size: 1073741824
Narrow klass base: 0x0000000800000000, Narrow klass shift: 0, Narrow klass range: 0x100000000

GC Precious Log:
 CardTable entry size: 512
 Card Set container configuration: InlinePtr #cards 5 size 8 Array Of Cards #cards 12 size 40 Howl #buckets 4 coarsen threshold 1843 Howl Bitmap #cards 512 size 80 coarsen threshold 460 Card regions per heap region 1 cards per card region 2048
 CPUs: 12 total, 12 available
 Memory: 7598M
 Large Page Support: Disabled
 NUMA Support: Disabled
 Compressed Oops: Enabled (32-bit)
 Heap Region Size: 1M
 Heap Min Capacity: 8M
 Heap Initial Capacity: 120M
 Heap Max Capacity: 1900M
 Pre-touch: Disabled
 Parallel Workers: 10
 Concurrent Workers: 3
 Concurrent Refinement Workers: 10
 Periodic GC: Disabled

Heap:
 garbage-first heap   total 122880K, used 23434K [0x0000000089400000, 0x0000000100000000)
  region size 1024K, 18 young (18432K), 3 survivors (3072K)
 Metaspace       used 8864K, committed 9088K, reserved 1114112K
  class space    used 931K, committed 1024K, reserved 1048576K

Heap Regions: E=young(eden), S=young(survivor), O=old, HS=humongous(starts), HC=humongous(continues), CS=collection set, F=free, OA=open archive, CA=closed archive, TAMS=top-at-mark-start (previous, next)
|   0|0x0000000089400000, 0x0000000089500000, 0x0000000089500000|100%|HS|  |TAMS 0x0000000089400000, 0x0000000089400000| Complete 
|   1|0x0000000089500000, 0x0000000089600000, 0x0000000089600000|100%|HC|  |TAMS 0x0000000089500000, 0x0000000089500000| Complete 
|   2|0x0000000089600000, 0x0000000089700000, 0x0000000089700000|100%|HC|  |TAMS 0x0000000089600000, 0x0000000089600000| Complete 
|   3|0x0000000089700000, 0x0000000089800000, 0x0000000089800000|100%|HS|  |TAMS 0x0000000089700000, 0x0000000089700000| Complete 
|   4|0x0000000089800000, 0x0000000089900000, 0x0000000089900000|100%|HC|  |TAMS 0x0000000089800000, 0x0000000089800000| Complete 
|   5|0x0000000089900000, 0x0000000089a00000, 0x0000000089a00000|100%|HC|  |TAMS 0x0000000089900000, 0x0000000089900000| Complete 
|   6|0x0000000089a00000, 0x0000000089a00000, 0x0000000089b00000|  0%| F|  |TAMS 0x0000000089a00000, 0x0000000089a00000| Untracked 
|   7|0x0000000089b00000, 0x0000000089b00000, 0x0000000089c00000|  0%| F|  |TAMS 0x0000000089b00000, 0x0000000089b00000| Untracked 
|   8|0x0000000089c00000, 0x0000000089c00000, 0x0000000089d00000|  0%| F|  |TAMS 0x0000000089c00000, 0x0000000089c00000| Untracked 
|   9|0x0000000089d00000, 0x0000000089d00000, 0x0000000089e00000|  0%| F|  |TAMS 0x0000000089d00000, 0x0000000089d00000| Untracked 
|  10|0x0000000089e00000, 0x0000000089e00000, 0x0000000089f00000|  0%| F|  |TAMS 0x0000000089e00000, 0x0000000089e00000| Untracked 
|  11|0x0000000089f00000, 0x0000000089f00000, 0x000000008a000000|  0%| F|  |TAMS 0x0000000089f00000, 0x0000000089f00000| Untracked 
|  12|0x000000008a000000, 0x000000008a000000, 0x000000008a100000|  0%| F|  |TAMS 0x000000008a000000, 0x000000008a000000| Untracked 
|  13|0x000000008a100000, 0x000000008a100000, 0x000000008a200000|  0%| F|  |TAMS 0x000000008a100000, 0x000000008a100000| Untracked 
|  14|0x000000008a200000, 0x000000008a200000, 0x000000008a300000|  0%| F|  |TAMS 0x000000008a200000, 0x000000008a200000| Untracked 
|  15|0x000000008a300000, 0x000000008a300000, 0x000000008a400000|  0%| F|  |TAMS 0x000000008a300000, 0x000000008a300000| Untracked 
|  16|0x000000008a400000, 0x000000008a400000, 0x000000008a500000|  0%| F|  |TAMS 0x000000008a400000, 0x000000008a400000| Untracked 
|  17|0x000000008a500000, 0x000000008a500000, 0x000000008a600000|  0%| F|  |TAMS 0x000000008a500000, 0x000000008a500000| Untracked 
|  18|0x000000008a600000, 0x000000008a600000, 0x000000008a700000|  0%| F|  |TAMS 0x000000008a600000, 0x000000008a600000| Untracked 
|  19|0x000000008a700000, 0x000000008a700000, 0x000000008a800000|  0%| F|  |TAMS 0x000000008a700000, 0x000000008a700000| Untracked 
|  20|0x000000008a800000, 0x000000008a800000, 0x000000008a900000|  0%| F|  |TAMS 0x000000008a800000, 0x000000008a800000| Untracked 
|  21|0x000000008a900000, 0x000000008a900000, 0x000000008aa00000|  0%| F|  |TAMS 0x000000008a900000, 0x000000008a900000| Untracked 
|  22|0x000000008aa00000, 0x000000008aa00000, 0x000000008ab00000|  0%| F|  |TAMS 0x000000008aa00000, 0x000000008aa00000| Untracked 
|  23|0x000000008ab00000, 0x000000008ab00000, 0x000000008ac00000|  0%| F|  |TAMS 0x000000008ab00000, 0x000000008ab00000| Untracked 
|  24|0x000000008ac00000, 0x000000008ac00000, 0x000000008ad00000|  0%| F|  |TAMS 0x000000008ac00000, 0x000000008ac00000| Untracked 
|  25|0x000000008ad00000, 0x000000008ad00000, 0x000000008ae00000|  0%| F|  |TAMS 0x000000008ad00000, 0x000000008ad00000| Untracked 
|  26|0x000000008ae00000, 0x000000008ae00000, 0x000000008af00000|  0%| F|  |TAMS 0x000000008ae00000, 0x000000008ae00000| Untracked 
|  27|0x000000008af00000, 0x000000008af00000, 0x000000008b000000|  0%| F|  |TAMS 0x000000008af00000, 0x000000008af00000| Untracked 
|  28|0x000000008b000000, 0x000000008b000000, 0x000000008b100000|  0%| F|  |TAMS 0x000000008b000000, 0x000000008b000000| Untracked 
|  29|0x000000008b100000, 0x000000008b100000, 0x000000008b200000|  0%| F|  |TAMS 0x000000008b100000, 0x000000008b100000| Untracked 
|  30|0x000000008b200000, 0x000000008b200000, 0x000000008b300000|  0%| F|  |TAMS 0x000000008b200000, 0x000000008b200000| Untracked 
|  31|0x000000008b300000, 0x000000008b300000, 0x000000008b400000|  0%| F|  |TAMS 0x000000008b300000, 0x000000008b300000| Untracked 
|  32|0x000000008b400000, 0x000000008b400000, 0x000000008b500000|  0%| F|  |TAMS 0x000000008b400000, 0x000000008b400000| Untracked 
|  33|0x000000008b500000, 0x000000008b500000, 0x000000008b600000|  0%| F|  |TAMS 0x000000008b500000, 0x000000008b500000| Untracked 
|  34|0x000000008b600000, 0x000000008b600000, 0x000000008b700000|  0%| F|  |TAMS 0x000000008b600000, 0x000000008b600000| Untracked 
|  35|0x000000008b700000, 0x000000008b700000, 0x000000008b800000|  0%| F|  |TAMS 0x000000008b700000, 0x000000008b700000| Untracked 
|  36|0x000000008b800000, 0x000000008b800000, 0x000000008b900000|  0%| F|  |TAMS 0x000000008b800000, 0x000000008b800000| Untracked 
|  37|0x000000008b900000, 0x000000008b900000, 0x000000008ba00000|  0%| F|  |TAMS 0x000000008b900000, 0x000000008b900000| Untracked 
|  38|0x000000008ba00000, 0x000000008ba00000, 0x000000008bb00000|  0%| F|  |TAMS 0x000000008ba00000, 0x000000008ba00000| Untracked 
|  39|0x000000008bb00000, 0x000000008bb00000, 0x000000008bc00000|  0%| F|  |TAMS 0x000000008bb00000, 0x000000008bb00000| Untracked 
|  40|0x000000008bc00000, 0x000000008bc00000, 0x000000008bd00000|  0%| F|  |TAMS 0x000000008bc00000, 0x000000008bc00000| Untracked 
|  41|0x000000008bd00000, 0x000000008bd00000, 0x000000008be00000|  0%| F|  |TAMS 0x000000008bd00000, 0x000000008bd00000| Untracked 
|  42|0x000000008be00000, 0x000000008be00000, 0x000000008bf00000|  0%| F|  |TAMS 0x000000008be00000, 0x000000008be00000| Untracked 
|  43|0x000000008bf00000, 0x000000008bf00000, 0x000000008c000000|  0%| F|  |TAMS 0x000000008bf00000, 0x000000008bf00000| Untracked 
|  44|0x000000008c000000, 0x000000008c000000, 0x000000008c100000|  0%| F|  |TAMS 0x000000008c000000, 0x000000008c000000| Untracked 
|  45|0x000000008c100000, 0x000000008c100000, 0x000000008c200000|  0%| F|  |TAMS 0x000000008c100000, 0x000000008c100000| Untracked 
|  46|0x000000008c200000, 0x000000008c200000, 0x000000008c300000|  0%| F|  |TAMS 0x000000008c200000, 0x000000008c200000| Untracked 
|  47|0x000000008c300000, 0x000000008c300000, 0x000000008c400000|  0%| F|  |TAMS 0x000000008c300000, 0x000000008c300000| Untracked 
|  48|0x000000008c400000, 0x000000008c400000, 0x000000008c500000|  0%| F|  |TAMS 0x000000008c400000, 0x000000008c400000| Untracked 
|  49|0x000000008c500000, 0x000000008c500000, 0x000000008c600000|  0%| F|  |TAMS 0x000000008c500000, 0x000000008c500000| Untracked 
|  50|0x000000008c600000, 0x000000008c600000, 0x000000008c700000|  0%| F|  |TAMS 0x000000008c600000, 0x000000008c600000| Untracked 
|  51|0x000000008c700000, 0x000000008c700000, 0x000000008c800000|  0%| F|  |TAMS 0x000000008c700000, 0x000000008c700000| Untracked 
|  52|0x000000008c800000, 0x000000008c800000, 0x000000008c900000|  0%| F|  |TAMS 0x000000008c800000, 0x000000008c800000| Untracked 
|  53|0x000000008c900000, 0x000000008c900000, 0x000000008ca00000|  0%| F|  |TAMS 0x000000008c900000, 0x000000008c900000| Untracked 
|  54|0x000000008ca00000, 0x000000008ca00000, 0x000000008cb00000|  0%| F|  |TAMS 0x000000008ca00000, 0x000000008ca00000| Untracked 
|  55|0x000000008cb00000, 0x000000008cb00000, 0x000000008cc00000|  0%| F|  |TAMS 0x000000008cb00000, 0x000000008cb00000| Untracked 
|  56|0x000000008cc00000, 0x000000008cc00000, 0x000000008cd00000|  0%| F|  |TAMS 0x000000008cc00000, 0x000000008cc00000| Untracked 
|  57|0x000000008cd00000, 0x000000008cd00000, 0x000000008ce00000|  0%| F|  |TAMS 0x000000008cd00000, 0x000000008cd00000| Untracked 
|  58|0x000000008ce00000, 0x000000008ce00000, 0x000000008cf00000|  0%| F|  |TAMS 0x000000008ce00000, 0x000000008ce00000| Untracked 
|  59|0x000000008cf00000, 0x000000008cf00000, 0x000000008d000000|  0%| F|  |TAMS 0x000000008cf00000, 0x000000008cf00000| Untracked 
|  60|0x000000008d000000, 0x000000008d000000, 0x000000008d100000|  0%| F|  |TAMS 0x000000008d000000, 0x000000008d000000| Untracked 
|  61|0x000000008d100000, 0x000000008d100000, 0x000000008d200000|  0%| F|  |TAMS 0x000000008d100000, 0x000000008d100000| Untracked 
|  62|0x000000008d200000, 0x000000008d200000, 0x000000008d300000|  0%| F|  |TAMS 0x000000008d200000, 0x000000008d200000| Untracked 
|  63|0x000000008d300000, 0x000000008d300000, 0x000000008d400000|  0%| F|  |TAMS 0x000000008d300000, 0x000000008d300000| Untracked 
|  64|0x000000008d400000, 0x000000008d400000, 0x000000008d500000|  0%| F|  |TAMS 0x000000008d400000, 0x000000008d400000| Untracked 
|  65|0x000000008d500000, 0x000000008d500000, 0x000000008d600000|  0%| F|  |TAMS 0x000000008d500000, 0x000000008d500000| Untracked 
|  66|0x000000008d600000, 0x000000008d600000, 0x000000008d700000|  0%| F|  |TAMS 0x000000008d600000, 0x000000008d600000| Untracked 
|  67|0x000000008d700000, 0x000000008d700000, 0x000000008d800000|  0%| F|  |TAMS 0x000000008d700000, 0x000000008d700000| Untracked 
|  68|0x000000008d800000, 0x000000008d800000, 0x000000008d900000|  0%| F|  |TAMS 0x000000008d800000, 0x000000008d800000| Untracked 
|  69|0x000000008d900000, 0x000000008d900000, 0x000000008da00000|  0%| F|  |TAMS 0x000000008d900000, 0x000000008d900000| Untracked 
|  70|0x000000008da00000, 0x000000008da00000, 0x000000008db00000|  0%| F|  |TAMS 0x000000008da00000, 0x000000008da00000| Untracked 
|  71|0x000000008db00000, 0x000000008db00000, 0x000000008dc00000|  0%| F|  |TAMS 0x000000008db00000, 0x000000008db00000| Untracked 
|  72|0x000000008dc00000, 0x000000008dc00000, 0x000000008dd00000|  0%| F|  |TAMS 0x000000008dc00000, 0x000000008dc00000| Untracked 
|  73|0x000000008dd00000, 0x000000008dd00000, 0x000000008de00000|  0%| F|  |TAMS 0x000000008dd00000, 0x000000008dd00000| Untracked 
|  74|0x000000008de00000, 0x000000008de00000, 0x000000008df00000|  0%| F|  |TAMS 0x000000008de00000, 0x000000008de00000| Untracked 
|  75|0x000000008df00000, 0x000000008df00000, 0x000000008e000000|  0%| F|  |TAMS 0x000000008df00000, 0x000000008df00000| Untracked 
|  76|0x000000008e000000, 0x000000008e000000, 0x000000008e100000|  0%| F|  |TAMS 0x000000008e000000, 0x000000008e000000| Untracked 
|  77|0x000000008e100000, 0x000000008e100000, 0x000000008e200000|  0%| F|  |TAMS 0x000000008e100000, 0x000000008e100000| Untracked 
|  78|0x000000008e200000, 0x000000008e200000, 0x000000008e300000|  0%| F|  |TAMS 0x000000008e200000, 0x000000008e200000| Untracked 
|  79|0x000000008e300000, 0x000000008e300000, 0x000000008e400000|  0%| F|  |TAMS 0x000000008e300000, 0x000000008e300000| Untracked 
|  80|0x000000008e400000, 0x000000008e400000, 0x000000008e500000|  0%| F|  |TAMS 0x000000008e400000, 0x000000008e400000| Untracked 
|  81|0x000000008e500000, 0x000000008e500000, 0x000000008e600000|  0%| F|  |TAMS 0x000000008e500000, 0x000000008e500000| Untracked 
|  82|0x000000008e600000, 0x000000008e600000, 0x000000008e700000|  0%| F|  |TAMS 0x000000008e600000, 0x000000008e600000| Untracked 
|  83|0x000000008e700000, 0x000000008e700000, 0x000000008e800000|  0%| F|  |TAMS 0x000000008e700000, 0x000000008e700000| Untracked 
|  84|0x000000008e800000, 0x000000008e800000, 0x000000008e900000|  0%| F|  |TAMS 0x000000008e800000, 0x000000008e800000| Untracked 
|  85|0x000000008e900000, 0x000000008e900000, 0x000000008ea00000|  0%| F|  |TAMS 0x000000008e900000, 0x000000008e900000| Untracked 
|  86|0x000000008ea00000, 0x000000008ea00000, 0x000000008eb00000|  0%| F|  |TAMS 0x000000008ea00000, 0x000000008ea00000| Untracked 
|  87|0x000000008eb00000, 0x000000008eb00000, 0x000000008ec00000|  0%| F|  |TAMS 0x000000008eb00000, 0x000000008eb00000| Untracked 
|  88|0x000000008ec00000, 0x000000008ec00000, 0x000000008ed00000|  0%| F|  |TAMS 0x000000008ec00000, 0x000000008ec00000| Untracked 
|  89|0x000000008ed00000, 0x000000008ed00000, 0x000000008ee00000|  0%| F|  |TAMS 0x000000008ed00000, 0x000000008ed00000| Untracked 
|  90|0x000000008ee00000, 0x000000008ee00000, 0x000000008ef00000|  0%| F|  |TAMS 0x000000008ee00000, 0x000000008ee00000| Untracked 
|  91|0x000000008ef00000, 0x000000008ef00000, 0x000000008f000000|  0%| F|  |TAMS 0x000000008ef00000, 0x000000008ef00000| Untracked 
|  92|0x000000008f000000, 0x000000008f000000, 0x000000008f100000|  0%| F|  |TAMS 0x000000008f000000, 0x000000008f000000| Untracked 
|  93|0x000000008f100000, 0x000000008f100000, 0x000000008f200000|  0%| F|  |TAMS 0x000000008f100000, 0x000000008f100000| Untracked 
|  94|0x000000008f200000, 0x000000008f2e2a50, 0x000000008f300000| 88%| S|CS|TAMS 0x000000008f200000, 0x000000008f200000| Complete 
|  95|0x000000008f300000, 0x000000008f400000, 0x000000008f400000|100%| S|CS|TAMS 0x000000008f300000, 0x000000008f300000| Complete 
|  96|0x000000008f400000, 0x000000008f500000, 0x000000008f500000|100%| S|CS|TAMS 0x000000008f400000, 0x000000008f400000| Complete 
|  97|0x000000008f500000, 0x000000008f500000, 0x000000008f600000|  0%| F|  |TAMS 0x000000008f500000, 0x000000008f500000| Untracked 
|  98|0x000000008f600000, 0x000000008f600000, 0x000000008f700000|  0%| F|  |TAMS 0x000000008f600000, 0x000000008f600000| Untracked 
|  99|0x000000008f700000, 0x000000008f700000, 0x000000008f800000|  0%| F|  |TAMS 0x000000008f700000, 0x000000008f700000| Untracked 
| 100|0x000000008f800000, 0x000000008f800000, 0x000000008f900000|  0%| F|  |TAMS 0x000000008f800000, 0x000000008f800000| Untracked 
| 101|0x000000008f900000, 0x000000008f900000, 0x000000008fa00000|  0%| F|  |TAMS 0x000000008f900000, 0x000000008f900000| Untracked 
| 102|0x000000008fa00000, 0x000000008fa00000, 0x000000008fb00000|  0%| F|  |TAMS 0x000000008fa00000, 0x000000008fa00000| Untracked 
| 103|0x000000008fb00000, 0x000000008fb00000, 0x000000008fc00000|  0%| F|  |TAMS 0x000000008fb00000, 0x000000008fb00000| Untracked 
| 104|0x000000008fc00000, 0x000000008fc00000, 0x000000008fd00000|  0%| F|  |TAMS 0x000000008fc00000, 0x000000008fc00000| Untracked 
| 105|0x000000008fd00000, 0x000000008fd8d890, 0x000000008fe00000| 55%| E|  |TAMS 0x000000008fd00000, 0x000000008fd00000| Complete 
| 106|0x000000008fe00000, 0x000000008ff00000, 0x000000008ff00000|100%| E|CS|TAMS 0x000000008fe00000, 0x000000008fe00000| Complete 
| 107|0x000000008ff00000, 0x0000000090000000, 0x0000000090000000|100%| E|CS|TAMS 0x000000008ff00000, 0x000000008ff00000| Complete 
| 108|0x0000000090000000, 0x0000000090100000, 0x0000000090100000|100%| E|CS|TAMS 0x0000000090000000, 0x0000000090000000| Complete 
| 109|0x0000000090100000, 0x0000000090200000, 0x0000000090200000|100%| E|CS|TAMS 0x0000000090100000, 0x0000000090100000| Complete 
| 110|0x0000000090200000, 0x0000000090300000, 0x0000000090300000|100%| E|CS|TAMS 0x0000000090200000, 0x0000000090200000| Complete 
| 111|0x0000000090300000, 0x0000000090400000, 0x0000000090400000|100%| E|CS|TAMS 0x0000000090300000, 0x0000000090300000| Complete 
| 112|0x0000000090400000, 0x0000000090500000, 0x0000000090500000|100%| E|CS|TAMS 0x0000000090400000, 0x0000000090400000| Complete 
| 113|0x0000000090500000, 0x0000000090600000, 0x0000000090600000|100%| E|CS|TAMS 0x0000000090500000, 0x0000000090500000| Complete 
| 114|0x0000000090600000, 0x0000000090700000, 0x0000000090700000|100%| E|CS|TAMS 0x0000000090600000, 0x0000000090600000| Complete 
| 115|0x0000000090700000, 0x0000000090800000, 0x0000000090800000|100%| E|CS|TAMS 0x0000000090700000, 0x0000000090700000| Complete 
| 116|0x0000000090800000, 0x0000000090900000, 0x0000000090900000|100%| E|CS|TAMS 0x0000000090800000, 0x0000000090800000| Complete 
| 117|0x0000000090900000, 0x0000000090a00000, 0x0000000090a00000|100%| E|CS|TAMS 0x0000000090900000, 0x0000000090900000| Complete 
| 118|0x0000000090a00000, 0x0000000090b00000, 0x0000000090b00000|100%| E|CS|TAMS 0x0000000090a00000, 0x0000000090a00000| Complete 
| 119|0x0000000090b00000, 0x0000000090c00000, 0x0000000090c00000|100%| E|CS|TAMS 0x0000000090b00000, 0x0000000090b00000| Complete 

Card table byte_map: [0x0000017e1ef60000,0x0000017e1f320000] _byte_map_base: 0x0000017e1eb16000

Marking Bits (Prev, Next): (CMBitMap*) 0x0000017e07735b30, (CMBitMap*) 0x0000017e07735b70
 Prev Bits: [0x0000017e1f6e0000, 0x0000017e21490000)
 Next Bits: [0x0000017e21490000, 0x0000017e23240000)

Polling page: 0x0000017e05680000

Metaspace:

Usage:
  Non-class:      7.75 MB used.
      Class:    931.26 KB used.
       Both:      8.66 MB used.

Virtual space:
  Non-class space:       64.00 MB reserved,       7.88 MB ( 12%) committed,  1 nodes.
      Class space:        1.00 GB reserved,       1.00 MB ( <1%) committed,  1 nodes.
             Both:        1.06 GB reserved,       8.88 MB ( <1%) committed. 

Chunk freelists:
   Non-Class:  120.00 KB
       Class:  3.03 MB
        Both:  3.15 MB

MaxMetaspaceSize: unlimited
CompressedClassSpaceSize: 1.00 GB
Initial GC threshold: 21.00 MB
Current GC threshold: 21.00 MB
CDS: on
MetaspaceReclaimPolicy: balanced
 - commit_granule_bytes: 65536.
 - commit_granule_words: 8192.
 - virtual_space_node_default_size: 8388608.
 - enlarge_chunks_in_place: 1.
 - new_chunks_are_fully_committed: 0.
 - uncommit_free_chunks: 1.
 - use_allocation_guard: 0.


Internal statistics:

num_allocs_failed_limit: 0.
num_arena_births: 154.
num_arena_deaths: 0.
num_vsnodes_births: 2.
num_vsnodes_deaths: 0.
num_space_committed: 142.
num_space_uncommitted: 0.
num_chunks_returned_to_freelist: 0.
num_chunks_taken_from_freelist: 172.
num_chunk_merges: 0.
num_chunk_splits: 114.
num_chunks_enlarged: 75.
num_inconsistent_stats: 0.

CodeHeap 'non-profiled nmethods': size=120000Kb used=1032Kb max_used=1032Kb free=118967Kb
 bounds [0x0000017e17110000, 0x0000017e17380000, 0x0000017e1e640000]
CodeHeap 'profiled nmethods': size=120000Kb used=3460Kb max_used=3460Kb free=116539Kb
 bounds [0x0000017e0f640000, 0x0000017e0f9b0000, 0x0000017e16b70000]
CodeHeap 'non-nmethods': size=5760Kb used=1376Kb max_used=1473Kb free=4384Kb
 bounds [0x0000017e16b70000, 0x0000017e16de0000, 0x0000017e17110000]
 total_blobs=2605 nmethods=1980 adapters=536
 compilation: enabled
              stopped_count=0, restarted_count=0
 full_count=0

Compilation events (20 events):
Event: 804.276 Thread 0x0000017e25ecb110 nmethod 1971 0x0000017e0f99a210 code [0x0000017e0f99a400, 0x0000017e0f99a9d8]
Event: 805.282 Thread 0x0000017e25ec3b50 1972       4       java.awt.geom.Rectangle2D$Double::getBounds2D (24 bytes)
Event: 805.282 Thread 0x0000017e25ecb110 1973   !   3       javax.swing.JComponent::paint (409 bytes)
Event: 805.284 Thread 0x0000017e25ec3b50 nmethod 1972 0x0000017e1720e810 code [0x0000017e1720e9a0, 0x0000017e1720eab8]
Event: 805.284 Thread 0x0000017e25ec3b50 1974       4       sun.java2d.SunGraphics2D::getClipBounds (21 bytes)
Event: 805.285 Thread 0x0000017e25ecb110 nmethod 1973 0x0000017e0f99aa90 code [0x0000017e0f99af00, 0x0000017e0f99dc08]
Event: 805.285 Thread 0x0000017e25ecb110 1975       3       javax.swing.JComponent::getComponentGraphics (63 bytes)
Event: 805.286 Thread 0x0000017e25ecb110 nmethod 1975 0x0000017e0f99eb10 code [0x0000017e0f99ed80, 0x0000017e0f99f948]
Event: 805.293 Thread 0x0000017e25ecb110 1976       3       javax.swing.plaf.ComponentUI::update (36 bytes)
Event: 805.295 Thread 0x0000017e25ecb110 nmethod 1976 0x0000017e0f99fc90 code [0x0000017e0f99fea0, 0x0000017e0f9a0758]
Event: 805.296 Thread 0x0000017e25ec3b50 nmethod 1974 0x0000017e1720eb90 code [0x0000017e1720ee40, 0x0000017e1720f888]
Event: 810.915 Thread 0x0000017e25ec3b50 1977       4       sun.java2d.SunGraphics2D::fixRectangleOrientation (97 bytes)
Event: 810.918 Thread 0x0000017e25ec3b50 nmethod 1977 0x0000017e17210210 code [0x0000017e172103e0, 0x0000017e172105b8]
Event: 811.431 Thread 0x0000017e25ecb110 1978       3       java.awt.EventQueue::getNextEventPrivate (76 bytes)
Event: 811.432 Thread 0x0000017e25ecb110 nmethod 1978 0x0000017e0f9a0a10 code [0x0000017e0f9a0be0, 0x0000017e0f9a0f48]
Event: 815.497 Thread 0x0000017e25ec3b50 1979   !   4       sun.java2d.SunGraphics2D::validateCompClip (186 bytes)
Event: 815.513 Thread 0x0000017e25ec3b50 nmethod 1979 0x0000017e17210790 code [0x0000017e172109c0, 0x0000017e17211798]
Event: 815.513 Thread 0x0000017e25ec3b50 1980       4       javax.swing.JComponent::setFlag (34 bytes)
Event: 815.514 Thread 0x0000017e25ec3b50 nmethod 1980 0x0000017e17212010 code [0x0000017e17212180, 0x0000017e17212238]
Event: 818.579 Thread 0x0000017e25ec3b50 1981   !   4       javax.swing.JComponent::paintChildren (684 bytes)

GC Heap History (2 events):
Event: 310.086 GC heap before
{Heap before GC invocations=0 (full 0):
 garbage-first heap   total 122880K, used 29696K [0x0000000089400000, 0x0000000100000000)
  region size 1024K, 23 young (23552K), 0 survivors (0K)
 Metaspace       used 8855K, committed 9088K, reserved 1114112K
  class space    used 930K, committed 1024K, reserved 1048576K
}
Event: 310.095 GC heap after
{Heap after GC invocations=1 (full 0):
 garbage-first heap   total 122880K, used 9098K [0x0000000089400000, 0x0000000100000000)
  region size 1024K, 3 young (3072K), 3 survivors (3072K)
 Metaspace       used 8855K, committed 9088K, reserved 1114112K
  class space    used 930K, committed 1024K, reserved 1048576K
}

Dll operation events (10 events):
Event: 0.013 Loaded shared library C:\jdk-19_windows-x64_bin\jdk-19.0.2\bin\java.dll
Event: 0.025 Loaded shared library C:\jdk-19_windows-x64_bin\jdk-19.0.2\bin\jsvml.dll
Event: 0.097 Loaded shared library C:\jdk-19_windows-x64_bin\jdk-19.0.2\bin\net.dll
Event: 0.099 Loaded shared library C:\jdk-19_windows-x64_bin\jdk-19.0.2\bin\nio.dll
Event: 0.133 Loaded shared library C:\jdk-19_windows-x64_bin\jdk-19.0.2\bin\zip.dll
Event: 0.161 Loaded shared library C:\jdk-19_windows-x64_bin\jdk-19.0.2\bin\jimage.dll
Event: 0.184 Loaded shared library C:\jdk-19_windows-x64_bin\jdk-19.0.2\bin\awt.dll
Event: 0.677 Loaded shared library C:\jdk-19_windows-x64_bin\jdk-19.0.2\bin\javajpeg.dll
Event: 0.793 Loaded shared library C:\jdk-19_windows-x64_bin\jdk-19.0.2\bin\freetype.dll
Event: 0.794 Loaded shared library C:\jdk-19_windows-x64_bin\jdk-19.0.2\bin\fontmanager.dll

Deoptimization events (20 events):
Event: 810.906 Thread 0x0000017e2ac88460 Uncommon trap: trap_request=0xffffff66 fr.pc=0x0000017e17189a94 relative=0x0000000000000954
Event: 810.906 Thread 0x0000017e2ac88460 Uncommon trap: reason=speculate_class_check action=maybe_recompile pc=0x0000017e17189a94 method=java.awt.geom.RectangularShape.getMinX()D @ 1 c2
Event: 810.906 Thread 0x0000017e2ac88460 DEOPT PACKING pc=0x0000017e17189a94 sp=0x0000007d539fee90
Event: 810.906 Thread 0x0000017e2ac88460 DEOPT UNPACKING pc=0x0000017e16bd6da3 sp=0x0000007d539fed70 mode 2
Event: 810.914 Thread 0x0000017e2ac88460 Uncommon trap: trap_request=0xffffffc6 fr.pc=0x0000017e1719039c relative=0x00000000000004bc
Event: 810.914 Thread 0x0000017e2ac88460 Uncommon trap: reason=bimorphic_or_optimized_type_check action=maybe_recompile pc=0x0000017e1719039c method=sun.java2d.SunGraphics2D.transformShape(Ljava/awt/geom/AffineTransform;Ljava/awt/Shape;)Ljava/awt/Shape; @ 35 c2
Event: 810.914 Thread 0x0000017e2ac88460 DEOPT PACKING pc=0x0000017e1719039c sp=0x0000007d539fed70
Event: 810.914 Thread 0x0000017e2ac88460 DEOPT UNPACKING pc=0x0000017e16bd6da3 sp=0x0000007d539fec90 mode 2
Event: 810.915 Thread 0x0000017e2ac88460 Uncommon trap: trap_request=0xffffff66 fr.pc=0x0000017e17189a94 relative=0x0000000000000954
Event: 810.915 Thread 0x0000017e2ac88460 Uncommon trap: reason=speculate_class_check action=maybe_recompile pc=0x0000017e17189a94 method=java.awt.geom.RectangularShape.getMinX()D @ 1 c2
Event: 810.915 Thread 0x0000017e2ac88460 DEOPT PACKING pc=0x0000017e17189a94 sp=0x0000007d539feb50
Event: 810.915 Thread 0x0000017e2ac88460 DEOPT UNPACKING pc=0x0000017e16bd6da3 sp=0x0000007d539fea30 mode 2
Event: 810.915 Thread 0x0000017e2ac88460 Uncommon trap: trap_request=0xffffffc6 fr.pc=0x0000017e171cd7e4 relative=0x00000000000003a4
Event: 810.915 Thread 0x0000017e2ac88460 Uncommon trap: reason=bimorphic_or_optimized_type_check action=maybe_recompile pc=0x0000017e171cd7e4 method=javax.swing.JComponent.paintChildren(Ljava/awt/Graphics;)V @ 78 c2
Event: 810.915 Thread 0x0000017e2ac88460 DEOPT PACKING pc=0x0000017e171cd7e4 sp=0x0000007d539fe720
Event: 810.915 Thread 0x0000017e2ac88460 DEOPT UNPACKING pc=0x0000017e16bd6da3 sp=0x0000007d539fe6c0 mode 2
Event: 810.915 Thread 0x0000017e2ac88460 Uncommon trap: trap_request=0xffffffc6 fr.pc=0x0000017e171cd7e4 relative=0x00000000000003a4
Event: 810.915 Thread 0x0000017e2ac88460 Uncommon trap: reason=bimorphic_or_optimized_type_check action=maybe_recompile pc=0x0000017e171cd7e4 method=javax.swing.JComponent.paintChildren(Ljava/awt/Graphics;)V @ 78 c2
Event: 810.915 Thread 0x0000017e2ac88460 DEOPT PACKING pc=0x0000017e171cd7e4 sp=0x0000007d539fe480
Event: 810.915 Thread 0x0000017e2ac88460 DEOPT UNPACKING pc=0x0000017e16bd6da3 sp=0x0000007d539fe420 mode 2

Classes loaded (20 events):
Event: 3.853 Loading class javax/swing/BoundedRangeModel done
Event: 3.853 Loading class javax/swing/DefaultBoundedRangeModel done
Event: 3.853 Loading class javax/swing/JTextField$ScrollRepainter
Event: 3.853 Loading class javax/swing/JTextField$ScrollRepainter done
Event: 3.854 Loading class javax/swing/plaf/basic/BasicPasswordFieldUI
Event: 3.854 Loading class javax/swing/plaf/basic/BasicPasswordFieldUI done
Event: 3.855 Loading class javax/swing/text/PasswordView
Event: 3.856 Loading class javax/swing/text/PasswordView done
Event: 3.859 Loading class java/lang/InterruptedException
Event: 3.859 Loading class java/lang/InterruptedException done
Event: 3.859 Loading class java/lang/Throwable$WrappedPrintStream
Event: 3.859 Loading class java/lang/Throwable$PrintStreamOrWriter
Event: 3.859 Loading class java/lang/Throwable$PrintStreamOrWriter done
Event: 3.859 Loading class java/lang/Throwable$WrappedPrintStream done
Event: 3.860 Loading class java/lang/StackTraceElement$HashedModules
Event: 3.860 Loading class java/lang/StackTraceElement$HashedModules done
Event: 5.541 Loading class java/awt/LightweightDispatcher$2
Event: 5.541 Loading class java/awt/LightweightDispatcher$2 done
Event: 501.377 Loading class java/security/DomainCombiner
Event: 501.377 Loading class java/security/DomainCombiner done

Classes unloaded (0 events):
No events

Classes redefined (0 events):
No events

Internal exceptions (17 events):
Event: 0.101 Thread 0x0000017e076d7e20 Exception <a 'sun/nio/fs/WindowsException'{0x0000000090a45618}> (0x0000000090a45618) 
thrown [s\open\src\hotspot\share\prims\jni.cpp, line 517]
Event: 0.101 Thread 0x0000017e076d7e20 Exception <a 'sun/nio/fs/WindowsException'{0x0000000090a45aa8}> (0x0000000090a45aa8) 
thrown [s\open\src\hotspot\share\prims\jni.cpp, line 517]
Event: 0.103 Thread 0x0000017e076d7e20 Exception <a 'sun/nio/fs/WindowsException'{0x0000000090a479f0}> (0x0000000090a479f0) 
thrown [s\open\src\hotspot\share\prims\jni.cpp, line 517]
Event: 0.103 Thread 0x0000017e076d7e20 Exception <a 'sun/nio/fs/WindowsException'{0x0000000090a48330}> (0x0000000090a48330) 
thrown [s\open\src\hotspot\share\prims\jni.cpp, line 517]
Event: 0.170 Thread 0x0000017e076d7e20 Exception <a 'java/lang/ClassNotFoundException'{0x00000000909958e0}: sun/awt/resources/spi/awtProvider> (0x00000000909958e0) 
thrown [s\open\src\hotspot\share\classfile\systemDictionary.cpp, line 255]
Event: 0.208 Thread 0x0000017e076d7e20 Exception <a 'java/io/FileNotFoundException'{0x00000000909ecee0}> (0x00000000909ecee0) 
thrown [s\open\src\hotspot\share\prims\jni.cpp, line 517]
Event: 0.219 Thread 0x0000017e076d7e20 Exception <a 'java/io/FileNotFoundException'{0x0000000090819bc8}> (0x0000000090819bc8) 
thrown [s\open\src\hotspot\share\prims\jni.cpp, line 517]
Event: 0.276 Thread 0x0000017e076d7e20 Exception <a 'java/lang/NoSuchMethodError'{0x000000009085e698}: 'java.lang.Object java.lang.invoke.DirectMethodHandle$Holder.invokeStaticInit(java.lang.Object)'> (0x000000009085e698) 
thrown [s\open\src\hotspot\share\interpreter\linkResolver.cpp, line 774]
Event: 0.447 Thread 0x0000017e076d7e20 Exception <a 'java/lang/NoSuchMethodError'{0x000000009073de80}: 'void java.lang.invoke.DirectMethodHandle$Holder.invokeSpecial(java.lang.Object, java.lang.Object, java.lang.Object)'> (0x000000009073de80) 
thrown [s\open\src\hotspot\share\interpreter\linkResolver.cpp, line 774]
Event: 0.463 Thread 0x0000017e076d7e20 Exception <a 'java/lang/NoSuchMethodError'{0x0000000090768a08}: 'java.lang.Object java.lang.invoke.DirectMethodHandle$Holder.newInvokeSpecial(java.lang.Object, java.lang.Object, java.lang.Object, java.lang.Object, java.lang.Object)'> (0x0000000090768a08) 
thrown [s\open\src\hotspot\share\interpreter\linkResolver.cpp, line 774]
Event: 0.475 Thread 0x0000017e076d7e20 Exception <a 'java/lang/NoSuchMethodError'{0x000000009079a540}: 'java.lang.Object java.lang.invoke.DirectMethodHandle$Holder.invokeStatic(java.lang.Object, int, java.lang.Object)'> (0x000000009079a540) 
thrown [s\open\src\hotspot\share\interpreter\linkResolver.cpp, line 774]
Event: 0.516 Thread 0x0000017e076d7e20 Exception <a 'java/lang/ClassNotFoundException'{0x00000000906563f0}: com/sun/swing/internal/plaf/metal/resources/spi/metalProvider> (0x00000000906563f0) 
thrown [s\open\src\hotspot\share\classfile\systemDictionary.cpp, line 255]
Event: 0.518 Thread 0x0000017e076d7e20 Exception <a 'java/lang/ClassNotFoundException'{0x000000009065a320}: com/sun/swing/internal/plaf/basic/resources/spi/basicProvider> (0x000000009065a320) 
thrown [s\open\src\hotspot\share\classfile\systemDictionary.cpp, line 255]
Event: 0.534 Thread 0x0000017e076d7e20 Exception <a 'java/lang/NoSuchMethodError'{0x000000009067a2e8}: 'int java.lang.invoke.Invokers$Holder.invokeExact_MT(java.lang.Object, java.lang.Object)'> (0x000000009067a2e8) 
thrown [s\open\src\hotspot\share\interpreter\linkResolver.cpp, line 774]
Event: 0.680 Thread 0x0000017e2abfe460 Exception <a 'java/lang/NoSuchMethodError'{0x00000000904832f8}: 'java.lang.Object java.lang.invoke.DirectMethodHandle$Holder.newInvokeSpecial(java.lang.Object, java.lang.Object, java.lang.Object, int, int, int, int, int)'> (0x00000000904832f8) 
thrown [s\open\src\hotspot\share\interpreter\linkResolver.cpp, line 774]
Event: 0.767 Thread 0x0000017e2a365a20 Exception <a 'java/lang/NoSuchMethodError'{0x00000000908fbf58}: 'void java.lang.invoke.DirectMethodHandle$Holder.invokeVirtual(java.lang.Object, java.lang.Object)'> (0x00000000908fbf58) 
thrown [s\open\src\hotspot\share\interpreter\linkResolver.cpp, line 774]
Event: 0.789 Thread 0x0000017e076d7e20 Exception <a 'java/lang/NoSuchMethodError'{0x00000000906adc20}: 'void java.lang.invoke.DirectMethodHandle$Holder.invokeStaticInit(java.lang.Object)'> (0x00000000906adc20) 
thrown [s\open\src\hotspot\share\interpreter\linkResolver.cpp, line 774]

VM Operations (20 events):
Event: 652.707 Executing VM operation: Cleanup
Event: 652.707 Executing VM operation: Cleanup done
Event: 653.719 Executing VM operation: Cleanup
Event: 653.719 Executing VM operation: Cleanup done
Event: 676.917 Executing VM operation: Cleanup
Event: 676.917 Executing VM operation: Cleanup done
Event: 677.931 Executing VM operation: Cleanup
Event: 677.932 Executing VM operation: Cleanup done
Event: 718.273 Executing VM operation: Cleanup
Event: 718.273 Executing VM operation: Cleanup done
Event: 722.313 Executing VM operation: Cleanup
Event: 722.313 Executing VM operation: Cleanup done
Event: 793.874 Executing VM operation: Cleanup
Event: 793.874 Executing VM operation: Cleanup done
Event: 794.889 Executing VM operation: Cleanup
Event: 794.889 Executing VM operation: Cleanup done
Event: 800.959 Executing VM operation: Cleanup
Event: 800.959 Executing VM operation: Cleanup done
Event: 806.008 Executing VM operation: Cleanup
Event: 806.008 Executing VM operation: Cleanup done

Events (20 events):
Event: 0.042 Thread 0x0000017e25e98e90 Thread added: 0x0000017e25e98e90
Event: 0.042 Thread 0x0000017e25e9cf80 Thread added: 0x0000017e25e9cf80
Event: 0.042 Thread 0x0000017e25e9e4d0 Thread added: 0x0000017e25e9e4d0
Event: 0.043 Thread 0x0000017e25ea1f20 Thread added: 0x0000017e25ea1f20
Event: 0.043 Thread 0x0000017e25ec3b50 Thread added: 0x0000017e25ec3b50
Event: 0.043 Thread 0x0000017e25ecb110 Thread added: 0x0000017e25ecb110
Event: 0.043 Thread 0x0000017e25ed15b0 Thread added: 0x0000017e25ed15b0
Event: 0.077 Thread 0x0000017e2a0db980 Thread added: 0x0000017e2a0db980
Event: 0.123 Thread 0x0000017e2a1a6e40 Thread added: 0x0000017e2a1a6e40
Event: 0.129 Thread 0x0000017e2a1ac7e0 Thread added: 0x0000017e2a1ac7e0
Event: 0.277 Thread 0x0000017e2a342f20 Thread added: 0x0000017e2a342f20
Event: 0.279 Thread 0x0000017e2a362610 Thread added: 0x0000017e2a362610
Event: 0.283 Thread 0x0000017e2a365a20 Thread added: 0x0000017e2a365a20
Event: 0.390 Thread 0x0000017e2a1ac7e0 Thread exited: 0x0000017e2a1ac7e0
Event: 0.559 Thread 0x0000017e2abfe460 Thread added: 0x0000017e2abfe460
Event: 0.632 Thread 0x0000017e2ac52e40 Thread added: 0x0000017e2ac52e40
Event: 0.766 Thread 0x0000017e2ac88460 Thread added: 0x0000017e2ac88460
Event: 0.891 Thread 0x0000017e2ad214a0 Thread added: 0x0000017e2ad214a0
Event: 1.388 Thread 0x0000017e2ac52e40 Thread exited: 0x0000017e2ac52e40
Event: 5.759 Thread 0x0000017e2abfe460 Thread exited: 0x0000017e2abfe460


Dynamic libraries:
0x00007ff67fa30000 - 0x00007ff67fa40000 	C:\jdk-19_windows-x64_bin\jdk-19.0.2\bin\java.exe
0x00007ffddd970000 - 0x00007ffdddb87000 	C:\WINDOWS\SYSTEM32\ntdll.dll
0x00007ffddc770000 - 0x00007ffddc834000 	C:\WINDOWS\System32\KERNEL32.DLL
0x00007ffddb320000 - 0x00007ffddb6c6000 	C:\WINDOWS\System32\KERNELBASE.dll
0x00007ffddad70000 - 0x00007ffddae81000 	C:\WINDOWS\System32\ucrtbase.dll
0x00007ffdd4df0000 - 0x00007ffdd4e08000 	C:\jdk-19_windows-x64_bin\jdk-19.0.2\bin\jli.dll
0x00007ffdaad00000 - 0x00007ffdaad1b000 	C:\jdk-19_windows-x64_bin\jdk-19.0.2\bin\VCRUNTIME140.dll
0x00007ffddc6c0000 - 0x00007ffddc770000 	C:\WINDOWS\System32\ADVAPI32.dll
0x00007ffddba50000 - 0x00007ffddbaf7000 	C:\WINDOWS\System32\msvcrt.dll
0x00007ffddc610000 - 0x00007ffddc6b6000 	C:\WINDOWS\System32\sechost.dll
0x00007ffddca10000 - 0x00007ffddcb27000 	C:\WINDOWS\System32\RPCRT4.dll
0x00007ffddbb00000 - 0x00007ffddbcae000 	C:\WINDOWS\System32\USER32.dll
0x00007ffddb020000 - 0x00007ffddb046000 	C:\WINDOWS\System32\win32u.dll
0x00007ffdc4f00000 - 0x00007ffdc5193000 	C:\WINDOWS\WinSxS\amd64_microsoft.windows.common-controls_6595b64144ccf1df_6.0.22621.2361_none_2712ced57382f843\COMCTL32.dll
0x00007ffddba10000 - 0x00007ffddba39000 	C:\WINDOWS\System32\GDI32.dll
0x00007ffddae90000 - 0x00007ffddafa8000 	C:\WINDOWS\System32\gdi32full.dll
0x00007ffddb280000 - 0x00007ffddb31a000 	C:\WINDOWS\System32\msvcp_win.dll
0x00007ffdd21c0000 - 0x00007ffdd21ca000 	C:\WINDOWS\SYSTEM32\VERSION.dll
0x00007ffddb6d0000 - 0x00007ffddb701000 	C:\WINDOWS\System32\IMM32.DLL
0x00007ffdc01f0000 - 0x00007ffdc01fc000 	C:\jdk-19_windows-x64_bin\jdk-19.0.2\bin\vcruntime140_1.dll
0x00007ffd80420000 - 0x00007ffd804ae000 	C:\jdk-19_windows-x64_bin\jdk-19.0.2\bin\msvcp140.dll
0x00007ffd81290000 - 0x00007ffd81f50000 	C:\jdk-19_windows-x64_bin\jdk-19.0.2\bin\server\jvm.dll
0x00007ffdd2300000 - 0x00007ffdd2334000 	C:\WINDOWS\SYSTEM32\WINMM.dll
0x00007ffdc1490000 - 0x00007ffdc1499000 	C:\WINDOWS\SYSTEM32\WSOCK32.dll
0x00007ffddd450000 - 0x00007ffddd4c1000 	C:\WINDOWS\System32\WS2_32.dll
0x00007ffdd9e00000 - 0x00007ffdd9e18000 	C:\WINDOWS\SYSTEM32\kernel.appcore.dll
0x00007ffdbf240000 - 0x00007ffdbf24a000 	C:\jdk-19_windows-x64_bin\jdk-19.0.2\bin\jimage.dll
0x00007ffdcf8e0000 - 0x00007ffdcfb0e000 	C:\WINDOWS\SYSTEM32\DBGHELP.DLL
0x00007ffddd0b0000 - 0x00007ffddd43a000 	C:\WINDOWS\System32\combase.dll
0x00007ffddb710000 - 0x00007ffddb7e7000 	C:\WINDOWS\System32\OLEAUT32.dll
0x00007ffdcfcf0000 - 0x00007ffdcfd22000 	C:\WINDOWS\SYSTEM32\dbgcore.DLL
0x00007ffddacf0000 - 0x00007ffddad6a000 	C:\WINDOWS\System32\bcryptPrimitives.dll
0x00007ffda7ac0000 - 0x00007ffda7ae6000 	C:\jdk-19_windows-x64_bin\jdk-19.0.2\bin\java.dll
0x00007ffd811b0000 - 0x00007ffd81287000 	C:\jdk-19_windows-x64_bin\jdk-19.0.2\bin\jsvml.dll
0x00007ffddbdb0000 - 0x00007ffddc608000 	C:\WINDOWS\System32\SHELL32.dll
0x00007ffdd8c10000 - 0x00007ffdd9502000 	C:\WINDOWS\SYSTEM32\windows.storage.dll
0x00007ffdd8ad0000 - 0x00007ffdd8c0e000 	C:\WINDOWS\SYSTEM32\wintypes.dll
0x00007ffddcb30000 - 0x00007ffddcc23000 	C:\WINDOWS\System32\SHCORE.dll
0x00007ffddbd50000 - 0x00007ffddbdae000 	C:\WINDOWS\System32\shlwapi.dll
0x00007ffddac20000 - 0x00007ffddac46000 	C:\WINDOWS\SYSTEM32\profapi.dll
0x00007ffdaac50000 - 0x00007ffdaac63000 	C:\jdk-19_windows-x64_bin\jdk-19.0.2\bin\net.dll
0x00007ffdd4880000 - 0x00007ffdd49b7000 	C:\WINDOWS\SYSTEM32\WINHTTP.dll
0x00007ffdda2a0000 - 0x00007ffdda309000 	C:\WINDOWS\system32\mswsock.dll
0x00007ffdaa110000 - 0x00007ffdaa126000 	C:\jdk-19_windows-x64_bin\jdk-19.0.2\bin\nio.dll
0x00007ffda5640000 - 0x00007ffda5658000 	C:\jdk-19_windows-x64_bin\jdk-19.0.2\bin\zip.dll
0x00007ffd804b0000 - 0x00007ffd80641000 	C:\jdk-19_windows-x64_bin\jdk-19.0.2\bin\awt.dll
0x00007ffdd8030000 - 0x00007ffdd80c7000 	C:\WINDOWS\SYSTEM32\apphelp.dll
0x00007ffdd83b0000 - 0x00007ffdd83db000 	C:\WINDOWS\system32\DWMAPI.DLL
0x00007ffdd8170000 - 0x00007ffdd821b000 	C:\WINDOWS\system32\uxtheme.dll
0x00007ffd80000000 - 0x00007ffd80100000 	C:\WINDOWS\system32\opengl32.dll
0x00007ffd99a40000 - 0x00007ffd99a6d000 	C:\WINDOWS\SYSTEM32\GLU32.dll
0x00007ffdd8420000 - 0x00007ffdd8456000 	C:\WINDOWS\SYSTEM32\dxcore.dll
0x00007ffddb7f0000 - 0x00007ffddb93c000 	C:\WINDOWS\System32\MSCTF.dll
0x00007ffddd5d0000 - 0x00007ffddd76f000 	C:\WINDOWS\System32\ole32.dll
0x00007ffdca4d0000 - 0x00007ffdca679000 	C:\WINDOWS\system32\d3d9.dll
0x00007ffdd0a50000 - 0x00007ffdd0c0b000 	C:\WINDOWS\System32\DriverStore\FileRepository\u0382030.inf_amd64_c27c1f19988d7c7e\B381533\aticfx64.dll
0x00007ffd803e0000 - 0x00007ffd80414000 	C:\WINDOWS\System32\DriverStore\FileRepository\u0382030.inf_amd64_c27c1f19988d7c7e\B381533\atiu9p64.dll
0x00007ffd5a430000 - 0x00007ffd5b185000 	C:\WINDOWS\System32\DriverStore\FileRepository\u0382030.inf_amd64_c27c1f19988d7c7e\B381533\atiumd64.dll
0x0000000061210000 - 0x0000000062136000 	C:\WINDOWS\System32\DriverStore\FileRepository\u0382030.inf_amd64_c27c1f19988d7c7e\B381533\atiumd6a.dll
0x00007ffddcc30000 - 0x00007ffddd0a4000 	C:\WINDOWS\System32\SETUPAPI.dll
0x00007ffdd9b50000 - 0x00007ffdd9b9d000 	C:\WINDOWS\SYSTEM32\POWRPROF.dll
0x00007ffdd9b30000 - 0x00007ffdd9b43000 	C:\WINDOWS\SYSTEM32\UMPDC.dll
0x00007ffdd0870000 - 0x00007ffdd08a5000 	C:\WINDOWS\SYSTEM32\amdihk64.dll
0x00007ffdd4640000 - 0x00007ffdd468a000 	C:\WINDOWS\SYSTEM32\directxdatabasehelper.dll
0x00007ffdcc400000 - 0x00007ffdcc42e000 	C:\jdk-19_windows-x64_bin\jdk-19.0.2\bin\javajpeg.dll
0x00007ffd7ff70000 - 0x00007ffd7fff6000 	C:\jdk-19_windows-x64_bin\jdk-19.0.2\bin\freetype.dll
0x00007ffd7fea0000 - 0x00007ffd7ff66000 	C:\jdk-19_windows-x64_bin\jdk-19.0.2\bin\fontmanager.dll
0x00007ffdc28d0000 - 0x00007ffdc2a1a000 	C:\WINDOWS\SYSTEM32\textinputframework.dll
0x00007ffdd7d40000 - 0x00007ffdd7e73000 	C:\WINDOWS\SYSTEM32\CoreMessaging.dll
0x00007ffdd3970000 - 0x00007ffdd3cdc000 	C:\WINDOWS\SYSTEM32\CoreUIComponents.dll
0x00007ffdda510000 - 0x00007ffdda51c000 	C:\WINDOWS\SYSTEM32\CRYPTBASE.DLL

dbghelp: loaded successfully - version: 4.0.5 - missing functions: none
symbol engine: initialized successfully - sym options: 0x614 - pdb path: .;C:\jdk-19_windows-x64_bin\jdk-19.0.2\bin;C:\WINDOWS\SYSTEM32;C:\WINDOWS\WinSxS\amd64_microsoft.windows.common-controls_6595b64144ccf1df_6.0.22621.2361_none_2712ced57382f843;C:\jdk-19_windows-x64_bin\jdk-19.0.2\bin\server;C:\WINDOWS\System32\DriverStore\FileRepository\u0382030.inf_amd64_c27c1f19988d7c7e\B381533

VM Arguments:
jvm_args: -Dfile.encoding=UTF-8 --module-path=D:\Hotel.Management.System\build\classes 
java_command: hotel.management.system.HotelManagementSystem
java_class_path (initial): C:\Users\prasa\Downloads\mysql-connector-java-8.0.28.jar;C:\Users\prasa\Downloads\rs2xml (1).jar;D:\Hotel.Management.System\build\classes
Launcher Type: SUN_STANDARD

[Global flags]
     intx CICompilerCount                          = 4                                         {product} {ergonomic}
     uint ConcGCThreads                            = 3                                         {product} {ergonomic}
     uint G1ConcRefinementThreads                  = 10                                        {product} {ergonomic}
   size_t G1HeapRegionSize                         = 1048576                                   {product} {ergonomic}
    uintx GCDrainStackTargetSize                   = 64                                        {product} {ergonomic}
   size_t InitialHeapSize                          = 125829120                                 {product} {ergonomic}
   size_t MarkStackSize                            = 4194304                                   {product} {ergonomic}
   size_t MaxHeapSize                              = 1992294400                                {product} {ergonomic}
   size_t MaxNewSize                               = 1195376640                                {product} {ergonomic}
   size_t MinHeapDeltaBytes                        = 1048576                                   {product} {ergonomic}
   size_t MinHeapSize                              = 8388608                                   {product} {ergonomic}
    uintx NonNMethodCodeHeapSize                   = 5839372                                {pd product} {ergonomic}
    uintx NonProfiledCodeHeapSize                  = 122909434                              {pd product} {ergonomic}
    uintx ProfiledCodeHeapSize                     = 122909434                              {pd product} {ergonomic}
    uintx ReservedCodeCacheSize                    = 251658240                              {pd product} {ergonomic}
     bool SegmentedCodeCache                       = true                                      {product} {ergonomic}
   size_t SoftMaxHeapSize                          = 1992294400                             {manageable} {ergonomic}
     bool UseCompressedClassPointers               = true                           {product lp64_product} {ergonomic}
     bool UseCompressedOops                        = true                           {product lp64_product} {ergonomic}
     bool UseG1GC                                  = true                                      {product} {ergonomic}
     bool UseLargePagesIndividualAllocation        = false                                  {pd product} {ergonomic}

Logging:
Log output configuration:
 #0: stdout all=warning uptime,level,tags foldmultilines=false
 #1: stderr all=off uptime,level,tags foldmultilines=false

Environment Variables:
PATH=C:\Program Files\Common Files\Oracle\Java\javapath;C:\Windows\system32;C:\Windows;C:\Windows\System32\Wbem;C:\Windows\System32\WindowsPowerShell\v1.0\;C:\Windows\System32\OpenSSH\;C:\Program Files (x86)\NVIDIA Corporation\PhysX\Common;C:\Program Files\NVIDIA Corporation\NVIDIA NvDLISR;C:\WINDOWS\system32;C:\WINDOWS;C:\WINDOWS\System32\Wbem;C:\WINDOWS\System32\WindowsPowerShell\v1.0\;C:\WINDOWS\System32\OpenSSH\;C:\WINDOWS\IsmFiles;C:\MinGW\bin;C:\Users\prasa\AppData\Local\Microsoft\WindowsApps;C:\MinGW\bin;C:\MinGW\bin;C:\Users\prasa\AppData\Local\Programs\Microsoft VS Code\bin;C:\jdk-19_windows-x64_bin;C:\MinGW\bin;C:\Program Files\JetBrains\IntelliJ IDEA Community Edition 2023.2.2\bin;;C:\Users\prasa\Downloads\jdk-20_windows-x64_bin\jdk-20.0.2\bin;C:\jdk-19_windows-x64_bin\jdk-19.0.2;C:\Program Files\Java\jdk-21\bin;
USERNAME=prasa
OS=Windows_NT
PROCESSOR_IDENTIFIER=AMD64 Family 23 Model 96 Stepping 1, AuthenticAMD
TMP=C:\Users\prasa\AppData\Local\Temp
TEMP=C:\Users\prasa\AppData\Local\Temp



---------------  S Y S T E M  ---------------

OS:
 Windows 11 , 64 bit Build 22621 (10.0.22621.2361)
OS uptime: 6 days 12:17 hours
Hyper-V role detected

CPU: total 12 (initial active 12) (12 cores per cpu, 2 threads per core) family 23 model 96 stepping 1 microcode 0x0, cx8, cmov, fxsr, ht, mmx, 3dnowpref, sse, sse2, sse3, ssse3, sse4a, sse4.1, sse4.2, popcnt, lzcnt, tsc, tscinvbit, avx, avx2, aes, clmul, bmi1, bmi2, adx, sha, fma, vzeroupper, clflush, clflushopt, hv, rdtscp, rdpid

Memory: 4k page, system-wide physical 7598M (142M free)
TotalPageFile size 20480M (AvailPageFile size 3M)
current process WorkingSet (physical memory assigned to process): 90M, peak: 189M
current process commit charge ("private bytes"): 276M, peak: 343M

vm_info: Java HotSpot(TM) 64-Bit Server VM (19.0.2+7-44) for windows-amd64 JRE (19.0.2+7-44), built on 2022-11-30T18:02:09Z by "mach5one" with MS VC++ 17.1 (VS2022)

END.
